This is pdfTeX, Version 3.14159265-2.6-1.40.16 (TeX Live 2015/Debian) (preloaded format=pdflatex 2018.6.3)  26 JUN 2018 17:40
entering extended mode
 restricted \write18 enabled.
 %&-line parsing enabled.
**document.tex
(./document.tex
LaTeX2e <2016/02/01>
Babel <3.9q> and hyphenation patterns for 81 language(s) loaded.
(/usr/share/texlive/texmf-dist/tex/latex/base/book.cls
Document Class: book 2014/09/29 v1.4h Standard LaTeX document class
(/usr/share/texlive/texmf-dist/tex/latex/base/bk12.clo
File: bk12.clo 2014/09/29 v1.4h Standard LaTeX file (size option)
)
\c@part=\count79
\c@chapter=\count80
\c@section=\count81
\c@subsection=\count82
\c@subsubsection=\count83
\c@paragraph=\count84
\c@subparagraph=\count85
\c@figure=\count86
\c@table=\count87
\abovecaptionskip=\skip41
\belowcaptionskip=\skip42
\bibindent=\dimen102
)
(/usr/share/texlive/texmf-dist/tex/latex/graphics/graphicx.sty
Package: graphicx 2014/10/28 v1.0g Enhanced LaTeX Graphics (DPC,SPQR)

(/usr/share/texlive/texmf-dist/tex/latex/graphics/keyval.sty
Package: keyval 2014/10/28 v1.15 key=value parser (DPC)
\KV@toks@=\toks14
)
(/usr/share/texlive/texmf-dist/tex/latex/graphics/graphics.sty
Package: graphics 2016/01/03 v1.0q Standard LaTeX Graphics (DPC,SPQR)

(/usr/share/texlive/texmf-dist/tex/latex/graphics/trig.sty
Package: trig 2016/01/03 v1.10 sin cos tan (DPC)
)
(/usr/share/texlive/texmf-dist/tex/latex/latexconfig/graphics.cfg
File: graphics.cfg 2010/04/23 v1.9 graphics configuration of TeX Live
)
Package graphics Info: Driver file: pdftex.def on input line 95.

(/usr/share/texlive/texmf-dist/tex/latex/pdftex-def/pdftex.def
File: pdftex.def 2011/05/27 v0.06d Graphics/color for pdfTeX

(/usr/share/texlive/texmf-dist/tex/generic/oberdiek/infwarerr.sty
Package: infwarerr 2010/04/08 v1.3 Providing info/warning/error messages (HO)
)
(/usr/share/texlive/texmf-dist/tex/generic/oberdiek/ltxcmds.sty
Package: ltxcmds 2011/11/09 v1.22 LaTeX kernel commands for general use (HO)
)
\Gread@gobject=\count88
))
\Gin@req@height=\dimen103
\Gin@req@width=\dimen104
)
(/usr/share/texlive/texmf-dist/tex/latex/appendix/appendix.sty
Package: appendix 2009/09/02 v1.2b extra appendix facilities
\c@@pps=\count89
\c@@ppsavesec=\count90
\c@@ppsaveapp=\count91
)
(/usr/share/texlive/texmf-dist/tex/latex/biblatex/biblatex.sty
Package: biblatex 2016/03/03 v3.3 programmable bibliographies (PK/JW/AB)

(/usr/share/texlive/texmf-dist/tex/latex/biblatex/biblatex_legacy.sty
Package: biblatex_legacy 2016/03/03 v3.3 programmable bibliographies (bibtex) (
PK/JW/AB)

(/usr/share/texlive/texmf-dist/tex/latex/etoolbox/etoolbox.sty
Package: etoolbox 2015/08/02 v2.2a e-TeX tools for LaTeX (JAW)
\etb@tempcnta=\count92
)
(/usr/share/texlive/texmf-dist/tex/latex/logreq/logreq.sty
Package: logreq 2010/08/04 v1.0 xml request logger
\lrq@indent=\count93

(/usr/share/texlive/texmf-dist/tex/latex/logreq/logreq.def
File: logreq.def 2010/08/04 v1.0 logreq spec v1.0
))
(/usr/share/texlive/texmf-dist/tex/latex/base/ifthen.sty
Package: ifthen 2014/09/29 v1.1c Standard LaTeX ifthen package (DPC)
)
(/usr/share/texlive/texmf-dist/tex/latex/url/url.sty
\Urlmuskip=\muskip10
Package: url 2013/09/16  ver 3.4  Verb mode for urls, etc.
)
\c@tabx@nest=\count94
\c@listtotal=\count95
\c@listcount=\count96
\c@liststart=\count97
\c@liststop=\count98
\c@citecount=\count99
\c@citetotal=\count100
\c@multicitecount=\count101
\c@multicitetotal=\count102
\c@instcount=\count103
\c@maxnames=\count104
\c@minnames=\count105
\c@maxitems=\count106
\c@minitems=\count107
\c@citecounter=\count108
\c@savedcitecounter=\count109
\c@uniquelist=\count110
\c@uniquename=\count111
\c@refsection=\count112
\c@refsegment=\count113
\c@maxextrayear=\count114
\c@maxextraalpha=\count115
\c@abbrvpenalty=\count116
\c@highnamepenalty=\count117
\c@lownamepenalty=\count118
\c@maxparens=\count119
\c@parenlevel=\count120
\blx@tempcnta=\count121
\blx@tempcntb=\count122
\blx@tempcntc=\count123
\blx@maxsection=\count124
\blx@maxsegment=\count125
\blx@notetype=\count126
\blx@parenlevel@text=\count127
\blx@parenlevel@foot=\count128
\labelnumberwidth=\skip43
\labelalphawidth=\skip44
\shorthandwidth=\skip45
\biblabelsep=\skip46
\bibitemsep=\skip47
\bibnamesep=\skip48
\bibinitsep=\skip49
\bibparsep=\skip50
\bibhang=\skip51
\blx@auxin=\read1
\blx@auxout=\write3
\c@mincomprange=\count129
\c@maxcomprange=\count130
\c@mincompwidth=\count131
\c@labelname=\count132
\c@savedlabelname=\count133
\c@author=\count134
\c@savedauthor=\count135
\c@shortauthor=\count136
\c@savedshortauthor=\count137
\c@editor=\count138
\c@savededitor=\count139
\c@editora=\count140
\c@savededitora=\count141
\c@editorb=\count142
\c@savededitorb=\count143
\c@editorc=\count144
\c@savededitorc=\count145
\c@shorteditor=\count146
\c@savedshorteditor=\count147
\c@bookauthor=\count148
\c@savedbookauthor=\count149
\c@translator=\count150
\c@savedtranslator=\count151
\c@annotator=\count152
\c@savedannotator=\count153
\c@commentator=\count154
\c@savedcommentator=\count155
\c@introduction=\count156
\c@savedintroduction=\count157
\c@foreword=\count158
\c@savedforeword=\count159
\c@afterword=\count160
\c@savedafterword=\count161
\c@holder=\count162
\c@savedholder=\count163
\c@namea=\count164
\c@savednamea=\count165
\c@nameb=\count166
\c@savednameb=\count167
\c@namec=\count168
\c@savednamec=\count169
\c@institution=\count170
\c@savedinstitution=\count171
\c@language=\count172
\c@savedlanguage=\count173
\c@location=\count174
\c@savedlocation=\count175
\c@organization=\count176
\c@savedorganization=\count177
\c@origlocation=\count178
\c@savedoriglocation=\count179
\c@origpublisher=\count180
\c@savedorigpublisher=\count181
\c@pageref=\count182
\c@savedpageref=\count183
\c@publisher=\count184
\c@savedpublisher=\count185
\c@lista=\count186
\c@savedlista=\count187
\c@listb=\count188
\c@savedlistb=\count189
\c@listc=\count190
\c@savedlistc=\count191
\c@listd=\count192
\c@savedlistd=\count193
\c@liste=\count194
\c@savedliste=\count195
\c@listf=\count196
\c@savedlistf=\count197
Package biblatex Info: Trying to load compatibility code...
Package biblatex Info: ... file 'blx-compat.def' found.

(/usr/share/texlive/texmf-dist/tex/latex/biblatex/blx-compat.def
File: blx-compat.def 2016/03/03 v3.3 biblatex compatibility (PK/JW/AB)
)
Package biblatex Info: Trying to load generic definitions...
Package biblatex Info: ... file 'biblatex_legacy.def' found.

(/usr/share/texlive/texmf-dist/tex/latex/biblatex/biblatex_legacy.def
File: biblatex_legacy.def 
\c@textcitecount=\count198
\c@textcitetotal=\count199
\c@textcitemaxnames=\count266
\c@biburlnumpenalty=\count267
\c@biburlucpenalty=\count268
\c@biburllcpenalty=\count269
\c@smartand=\count270
)
Package biblatex Info: Trying to load bibliography style 'numeric'...
Package biblatex Info: ... file 'numeric.bbx' found.

(/usr/share/texlive/texmf-dist/tex/latex/biblatex/bbx/numeric.bbx
File: numeric.bbx 2016/03/03 v3.3 biblatex bibliography style (PK/JW/AB)
Package biblatex Info: Trying to load bibliography style 'standard'...
Package biblatex Info: ... file 'standard.bbx' found.

(/usr/share/texlive/texmf-dist/tex/latex/biblatex/bbx/standard.bbx
File: standard.bbx 2016/03/03 v3.3 biblatex bibliography style (PK/JW/AB)
\c@bbx:relatedcount=\count271
\c@bbx:relatedtotal=\count272
))
Package biblatex Info: Trying to load citation style 'numeric'...
Package biblatex Info: ... file 'numeric.cbx' found.

(/usr/share/texlive/texmf-dist/tex/latex/biblatex/cbx/numeric.cbx
File: numeric.cbx 2016/03/03 v3.3 biblatex citation style (PK/JW/AB)
Package biblatex Info: Redefining '\cite'.
Package biblatex Info: Redefining '\parencite'.
Package biblatex Info: Redefining '\footcite'.
Package biblatex Info: Redefining '\footcitetext'.
Package biblatex Info: Redefining '\smartcite'.
Package biblatex Info: Redefining '\supercite'.
Package biblatex Info: Redefining '\textcite'.
Package biblatex Info: Redefining '\textcites'.
Package biblatex Info: Redefining '\cites'.
Package biblatex Info: Redefining '\parencites'.
Package biblatex Info: Redefining '\smartcites'.
)
Package biblatex Info: Trying to load configuration file...
Package biblatex Info: ... file 'biblatex.cfg' found.

(/usr/share/texlive/texmf-dist/tex/latex/biblatex/biblatex.cfg
File: biblatex.cfg 
)))
(/usr/share/texlive/texmf-dist/tex/latex/subfig/subfig.sty
Package: subfig 2005/06/28 ver: 1.3 subfig package

(/usr/share/texlive/texmf-dist/tex/latex/caption/caption.sty
Package: caption 2016/02/21 v3.3-144 Customizing captions (AR)

(/usr/share/texlive/texmf-dist/tex/latex/caption/caption3.sty
Package: caption3 2016/02/04 v1.7-139 caption3 kernel (AR)
Package caption3 Info: TeX engine: e-TeX on input line 67.
\captionmargin=\dimen105
\captionmargin@=\dimen106
\captionwidth=\dimen107
\caption@tempdima=\dimen108
\caption@indent=\dimen109
\caption@parindent=\dimen110
\caption@hangindent=\dimen111
)
\c@ContinuedFloat=\count273
)
\c@KVtest=\count274
\sf@farskip=\skip52
\sf@captopadj=\dimen112
\sf@capskip=\skip53
\sf@nearskip=\skip54
\c@subfigure=\count275
\c@subfigure@save=\count276
\c@lofdepth=\count277
\c@subtable=\count278
\c@subtable@save=\count279
\c@lotdepth=\count280
\sf@top=\skip55
\sf@bottom=\skip56
)
(/usr/share/texlive/texmf-dist/tex/latex/titlesec/titlesec.sty
Package: titlesec 2016/03/15 v2.10.1 Sectioning titles
\ttl@box=\box26
\beforetitleunit=\skip57
\aftertitleunit=\skip58
\ttl@plus=\dimen113
\ttl@minus=\dimen114
\ttl@toksa=\toks15
\titlewidth=\dimen115
\titlewidthlast=\dimen116
\titlewidthfirst=\dimen117
)
(/usr/share/texlive/texmf-dist/tex/latex/listings/listings.sty
\lst@mode=\count281
\lst@gtempboxa=\box27
\lst@token=\toks16
\lst@length=\count282
\lst@currlwidth=\dimen118
\lst@column=\count283
\lst@pos=\count284
\lst@lostspace=\dimen119
\lst@width=\dimen120
\lst@newlines=\count285
\lst@lineno=\count286
\lst@maxwidth=\dimen121

(/usr/share/texlive/texmf-dist/tex/latex/listings/lstmisc.sty
File: lstmisc.sty 2015/06/04 1.6 (Carsten Heinz)
\c@lstnumber=\count287
\lst@skipnumbers=\count288
\lst@framebox=\box28
)
(/usr/share/texlive/texmf-dist/tex/latex/listings/listings.cfg
File: listings.cfg 2015/06/04 1.6 listings configuration
))
Package: listings 2015/06/04 1.6 (Carsten Heinz)

(/usr/share/texlive/texmf-dist/tex/latex/amsmath/amsmath.sty
Package: amsmath 2016/03/03 v2.15a AMS math features
\@mathmargin=\skip59

For additional information on amsmath, use the `?' option.
(/usr/share/texlive/texmf-dist/tex/latex/amsmath/amstext.sty
Package: amstext 2000/06/29 v2.01 AMS text

(/usr/share/texlive/texmf-dist/tex/latex/amsmath/amsgen.sty
File: amsgen.sty 1999/11/30 v2.0 generic functions
\@emptytoks=\toks17
\ex@=\dimen122
))
(/usr/share/texlive/texmf-dist/tex/latex/amsmath/amsbsy.sty
Package: amsbsy 1999/11/29 v1.2d Bold Symbols
\pmbraise@=\dimen123
)
(/usr/share/texlive/texmf-dist/tex/latex/amsmath/amsopn.sty
Package: amsopn 1999/12/14 v2.01 operator names
)
\inf@bad=\count289
LaTeX Info: Redefining \frac on input line 199.
\uproot@=\count290
\leftroot@=\count291
LaTeX Info: Redefining \overline on input line 297.
\classnum@=\count292
\DOTSCASE@=\count293
LaTeX Info: Redefining \ldots on input line 394.
LaTeX Info: Redefining \dots on input line 397.
LaTeX Info: Redefining \cdots on input line 518.
\Mathstrutbox@=\box29
\strutbox@=\box30
\big@size=\dimen124
LaTeX Font Info:    Redeclaring font encoding OML on input line 630.
LaTeX Font Info:    Redeclaring font encoding OMS on input line 631.
\macc@depth=\count294
\c@MaxMatrixCols=\count295
\dotsspace@=\muskip11
\c@parentequation=\count296
\dspbrk@lvl=\count297
\tag@help=\toks18
\row@=\count298
\column@=\count299
\maxfields@=\count300
\andhelp@=\toks19
\eqnshift@=\dimen125
\alignsep@=\dimen126
\tagshift@=\dimen127
\tagwidth@=\dimen128
\totwidth@=\dimen129
\lineht@=\dimen130
\@envbody=\toks20
\multlinegap=\skip60
\multlinetaggap=\skip61
\mathdisplay@stack=\toks21
LaTeX Info: Redefining \[ on input line 2735.
LaTeX Info: Redefining \] on input line 2736.
)
(/usr/share/texlive/texmf-dist/tex/latex/lipsum/lipsum.sty
Package: lipsum 2014/07/27 v1.3 150 paragraphs of Lorem Ipsum dummy text
\c@lips@count=\count301
)
(/usr/share/texlive/texmf-dist/tex/latex/titlesec/titletoc.sty
Package: titletoc 2011/12/15 v1.6 TOC entries
\ttl@leftsep=\dimen131
)
Package biblatex Info: Trying to load language 'english'...
Package biblatex Info: ... file 'english.lbx' found.

(/usr/share/texlive/texmf-dist/tex/latex/biblatex/lbx/english.lbx
File: english.lbx 2016/03/03 v3.3 biblatex localization (PK/JW/AB)
)
\@quotelevel=\count302
\@quotereset=\count303

(./document.aux)
\openout1 = `document.aux'.

LaTeX Font Info:    Checking defaults for OML/cmm/m/it on input line 44.
LaTeX Font Info:    ... okay on input line 44.
LaTeX Font Info:    Checking defaults for T1/cmr/m/n on input line 44.
LaTeX Font Info:    ... okay on input line 44.
LaTeX Font Info:    Checking defaults for OT1/cmr/m/n on input line 44.
LaTeX Font Info:    ... okay on input line 44.
LaTeX Font Info:    Checking defaults for OMS/cmsy/m/n on input line 44.
LaTeX Font Info:    ... okay on input line 44.
LaTeX Font Info:    Checking defaults for OMX/cmex/m/n on input line 44.
LaTeX Font Info:    ... okay on input line 44.
LaTeX Font Info:    Checking defaults for U/cmr/m/n on input line 44.
LaTeX Font Info:    ... okay on input line 44.
 (/usr/share/texlive/texmf-dist/tex/context/base/supp-pdf.mkii
[Loading MPS to PDF converter (version 2006.09.02).]
\scratchcounter=\count304
\scratchdimen=\dimen132
\scratchbox=\box31
\nofMPsegments=\count305
\nofMParguments=\count306
\everyMPshowfont=\toks22
\MPscratchCnt=\count307
\MPscratchDim=\dimen133
\MPnumerator=\count308
\makeMPintoPDFobject=\count309
\everyMPtoPDFconversion=\toks23
) (/usr/share/texlive/texmf-dist/tex/generic/oberdiek/pdftexcmds.sty
Package: pdftexcmds 2011/11/29 v0.20 Utility functions of pdfTeX for LuaTeX (HO
)

(/usr/share/texlive/texmf-dist/tex/generic/oberdiek/ifluatex.sty
Package: ifluatex 2010/03/01 v1.3 Provides the ifluatex switch (HO)
Package ifluatex Info: LuaTeX not detected.
)
(/usr/share/texlive/texmf-dist/tex/generic/oberdiek/ifpdf.sty
Package: ifpdf 2011/01/30 v2.3 Provides the ifpdf switch (HO)
Package ifpdf Info: pdfTeX in PDF mode is detected.
)
Package pdftexcmds Info: LuaTeX not detected.
Package pdftexcmds Info: \pdf@primitive is available.
Package pdftexcmds Info: \pdf@ifprimitive is available.
Package pdftexcmds Info: \pdfdraftmode found.
)
(/usr/share/texlive/texmf-dist/tex/latex/oberdiek/epstopdf-base.sty
Package: epstopdf-base 2010/02/09 v2.5 Base part for package epstopdf

(/usr/share/texlive/texmf-dist/tex/latex/oberdiek/grfext.sty
Package: grfext 2010/08/19 v1.1 Manage graphics extensions (HO)

(/usr/share/texlive/texmf-dist/tex/generic/oberdiek/kvdefinekeys.sty
Package: kvdefinekeys 2011/04/07 v1.3 Define keys (HO)
))
(/usr/share/texlive/texmf-dist/tex/latex/oberdiek/kvoptions.sty
Package: kvoptions 2011/06/30 v3.11 Key value format for package options (HO)

(/usr/share/texlive/texmf-dist/tex/generic/oberdiek/kvsetkeys.sty
Package: kvsetkeys 2012/04/25 v1.16 Key value parser (HO)

(/usr/share/texlive/texmf-dist/tex/generic/oberdiek/etexcmds.sty
Package: etexcmds 2011/02/16 v1.5 Avoid name clashes with e-TeX commands (HO)
Package etexcmds Info: Could not find \expanded.
(etexcmds)             That can mean that you are not using pdfTeX 1.50 or
(etexcmds)             that some package has redefined \expanded.
(etexcmds)             In the latter case, load this package earlier.
)))
Package grfext Info: Graphics extension search list:
(grfext)             [.png,.pdf,.jpg,.mps,.jpeg,.jbig2,.jb2,.PNG,.PDF,.JPG,.JPE
G,.JBIG2,.JB2,.eps]
(grfext)             \AppendGraphicsExtensions on input line 452.

(/usr/share/texlive/texmf-dist/tex/latex/latexconfig/epstopdf-sys.cfg
File: epstopdf-sys.cfg 2010/07/13 v1.3 Configuration of (r)epstopdf for TeX Liv
e
))
Package biblatex Info: No input encoding detected.
(biblatex)             Assuming 'ascii'.
Package biblatex Info: Automatic encoding selection.
(biblatex)             Assuming data encoding 'ascii'.
\openout3 = `document-blx.bib'.

Package biblatex Info: Trying to load bibliographic data...
Package biblatex Info: ... file 'document.bbl' found.

(./document.bbl)
Package biblatex Info: Reference section=0 on input line 44.
Package biblatex Info: Reference segment=0 on input line 44.
Package caption Info: Begin \AtBeginDocument code.
Package caption Info: subfig package v1.3 is loaded.
Package caption Info: listings package is loaded.
Package caption Info: End \AtBeginDocument code.
\c@lstlisting=\count310
 <images/fii.png, id=1, 63.23625pt x 62.2325pt>
File: images/fii.png Graphic file (type png)

<use images/fii.png>
Package pdftex.def Info: images/fii.png used on input line 46.
(pdftex.def)             Requested size: 63.23608pt x 62.23235pt.
 [1


{/var/lib/texmf/fonts/map/pdftex/updmap/pdftex.map} <./images/fii.png>] (./abst
ract.tex
Underfull \hbox (badness 10000) in paragraph at lines 3--4

 []


Underfull \hbox (badness 10000) in paragraph at lines 5--6

 []


Underfull \hbox (badness 10000) in paragraph at lines 7--8

 []

) (./personalContributions.tex [2

]
Underfull \hbox (badness 10000) in paragraph at lines 3--4

 []


Underfull \hbox (badness 10000) in paragraph at lines 5--6

 []

) [3

] (./document.toc [4

])
\tf@toc=\write4
\openout4 = `document.toc'.

 (./datasetPreparation.tex [5]
Chapter 1.
<images/gtsrb-sample.png, id=26, 462.528pt x 346.896pt>
File: images/gtsrb-sample.png Graphic file (type png)

<use images/gtsrb-sample.png>
Package pdftex.def Info: images/gtsrb-sample.png used on input line 10.
(pdftex.def)             Requested size: 234.00238pt x 175.50133pt.
 [6

 <./images/gtsrb-sample.png>]
Underfull \hbox (badness 10000) in paragraph at lines 17--18

 []

<images/GTSDB-Training-Img-Distribution.png, id=31, 462.528pt x 346.896pt>
File: images/GTSDB-Training-Img-Distribution.png Graphic file (type png)

<use images/GTSDB-Training-Img-Distribution.png>
Package pdftex.def Info: images/GTSDB-Training-Img-Distribution.png used on inp
ut line 19.
(pdftex.def)             Requested size: 234.00238pt x 175.50133pt.

Underfull \hbox (badness 10000) in paragraph at lines 22--24

 []

[7 <./images/GTSDB-Training-Img-Distribution.png>]
(/usr/share/texlive/texmf-dist/tex/latex/listings/lstlang1.sty
File: lstlang1.sty 2015/06/04 1.6 listings language file
) [8]
Overfull \hbox (4.79932pt too wide) in paragraph at lines 43--45
[][][][][][][][][][][][][] 
 []

<images/original.png, id=44, 75.28125pt x 70.2625pt>
File: images/original.png Graphic file (type png)
 <use images/original.png>
Package pdftex.def Info: images/original.png used on input line 58.
(pdftex.def)             Requested size: 77.99881pt x 72.80537pt.

[9] <images/augmentation_preview.png, id=48, 462.528pt x 346.896pt>
File: images/augmentation_preview.png Graphic file (type png)

<use images/augmentation_preview.png>
Package pdftex.def Info: images/augmentation_preview.png used on input line 60.

(pdftex.def)             Requested size: 292.5pt x 219.38724pt.

Underfull \vbox (badness 10000) has occurred while \output is active []

 [10 <./images/original.png> <./images/augmentation_preview.png>]
<images/background.png, id=53, 1365.1pt x 803.0pt>
File: images/background.png Graphic file (type png)
 <use images/background.png>
Package pdftex.def Info: images/background.png used on input line 71.
(pdftex.def)             Requested size: 195.0pt x 114.69824pt.

<images/TrafficSignDimensionsInImages.png, id=54, 462.528pt x 346.896pt>
File: images/TrafficSignDimensionsInImages.png Graphic file (type png)

<use images/TrafficSignDimensionsInImages.png>
Package pdftex.def Info: images/TrafficSignDimensionsInImages.png used on input
 line 77.
(pdftex.def)             Requested size: 234.00238pt x 175.50133pt.

Underfull \hbox (badness 10000) in paragraph at lines 80--84

 []

[11 <./images/background.png> <./images/TrafficSignDimensionsInImages.png>]
<images/BackgroundSamples.png, id=59, 462.528pt x 346.896pt>
File: images/BackgroundSamples.png Graphic file (type png)

<use images/BackgroundSamples.png>
Package pdftex.def Info: images/BackgroundSamples.png used on input line 85.
(pdftex.def)             Requested size: 234.00238pt x 175.50133pt.
) (./convnetTrain.tex [12 <./images/BackgroundSamples.png>]
Chapter 2.
<images/nn.png, id=64, 782.925pt x 177.66376pt>
File: images/nn.png Graphic file (type png)
 <use images/nn.png>
Package pdftex.def Info: images/nn.png used on input line 12.
(pdftex.def)             Requested size: 390.0pt x 88.50092pt.


Package caption Warning: \captionsetup{type*=...} or \captionof
(caption)                outside box or environment on input line 13.
See the caption package documentation for explanation.

[13

]
Underfull \vbox (badness 1009) has occurred while \output is active []


Overfull \hbox (18.49301pt too wide) has occurred while \output is active
\OT1/cmr/m/n/12 14 \OT1/cmr/m/sl/12 CHAPTER 2.  TRAINING THE CONVOLUTIONAL NEUR
AL NETWORK
 []

[14 <./images/nn.png>] [15]
Overfull \hbox (18.49301pt too wide) has occurred while \output is active
\OT1/cmr/m/n/12 16 \OT1/cmr/m/sl/12 CHAPTER 2.  TRAINING THE CONVOLUTIONAL NEUR
AL NETWORK
 []

[16] <images/activations.png, id=81, 987.2082pt x 467.5869pt>
File: images/activations.png Graphic file (type png)

<use images/activations.png>
Package pdftex.def Info: images/activations.png used on input line 77.
(pdftex.def)             Requested size: 390.0pt x 184.71977pt.

Underfull \hbox (badness 10000) in paragraph at lines 83--84

 []

[17 <./images/activations.png>]
Underfull \hbox (badness 10000) in paragraph at lines 107--108

 []


Underfull \hbox (badness 10000) in paragraph at lines 116--118

 []


Overfull \hbox (18.49301pt too wide) has occurred while \output is active
\OT1/cmr/m/n/12 18 \OT1/cmr/m/sl/12 CHAPTER 2.  TRAINING THE CONVOLUTIONAL NEUR
AL NETWORK
 []

[18] [19] <images/val_loss_optimizers.png, id=96, 462.528pt x 346.896pt>
File: images/val_loss_optimizers.png Graphic file (type png)

<use images/val_loss_optimizers.png>
Package pdftex.def Info: images/val_loss_optimizers.png used on input line 141.

(pdftex.def)             Requested size: 231.26343pt x 173.44757pt.

Underfull \hbox (badness 10000) in paragraph at lines 145--147

 []


Overfull \hbox (18.49301pt too wide) has occurred while \output is active
\OT1/cmr/m/n/12 20 \OT1/cmr/m/sl/12 CHAPTER 2.  TRAINING THE CONVOLUTIONAL NEUR
AL NETWORK
 []

[20 <./images/val_loss_optimizers.png>] [21]
Underfull \hbox (badness 10000) in paragraph at lines 168--171

 []

<images/lr-decay.png, id=104, 462.528pt x 346.896pt>
File: images/lr-decay.png Graphic file (type png)
 <use images/lr-decay.png>
Package pdftex.def Info: images/lr-decay.png used on input line 172.
(pdftex.def)             Requested size: 231.26343pt x 173.44757pt.

Underfull \vbox (badness 10000) has occurred while \output is active []


Overfull \hbox (18.49301pt too wide) has occurred while \output is active
\OT1/cmr/m/n/12 22 \OT1/cmr/m/sl/12 CHAPTER 2.  TRAINING THE CONVOLUTIONAL NEUR
AL NETWORK
 []

[22] [23 <./images/lr-decay.png>]
<images/train_val.png, id=112, 987.2082pt x 467.5869pt>
File: images/train_val.png Graphic file (type png)

<use images/train_val.png>
Package pdftex.def Info: images/train_val.png used on input line 183.
(pdftex.def)             Requested size: 493.60289pt x 233.79288pt.

Overfull \hbox (103.60289pt too wide) in paragraph at lines 183--184
 [] 
 []

) (./detection.tex
Overfull \hbox (18.49301pt too wide) has occurred while \output is active
\OT1/cmr/m/n/12 24 \OT1/cmr/m/sl/12 CHAPTER 2.  TRAINING THE CONVOLUTIONAL NEUR
AL NETWORK
 []

[24 <./images/train_val.png>]
Chapter 3.

Underfull \hbox (badness 10000) in paragraph at lines 5--6

 []


Underfull \vbox (badness 10000) has occurred while \output is active []

 [25

]
[26] [27] <images/example-1.png, id=127, 462.528pt x 346.896pt>
File: images/example-1.png Graphic file (type png)

<use images/example-1.png>
Package pdftex.def Info: images/example-1.png used on input line 79.
(pdftex.def)             Requested size: 462.52686pt x 346.89514pt.

Overfull \hbox (72.52686pt too wide) in paragraph at lines 79--80
 [] 
 []

) (./conclusion.tex [28 <./images/example-1.png>]) (./frameworksUsed.tex
[29

] [30]
Appendix A.
[31

]
LaTeX Font Info:    Try loading font information for OMS+cmr on input line 23.
 (/usr/share/texlive/texmf-dist/tex/latex/base/omscmr.fd
File: omscmr.fd 2014/09/29 v2.5h Standard LaTeX font definitions
)
LaTeX Font Info:    Font shape `OMS/cmr/m/n' in size <6> not available
(Font)              Font shape `OMS/cmsy/m/n' tried instead on input line 23.
) [32] [33

]
[34] (./document.aux)
Package logreq Info: Writing requests to 'document.run.xml'.
\openout1 = `document.run.xml'.

 )
(\end occurred when \iftrue on line 44 was incomplete) 
Here is how much of TeX's memory you used:
 10350 strings out of 493029
 164094 string characters out of 6136235
 417479 words of memory out of 5000000
 13737 multiletter control sequences out of 15000+600000
 12556 words of font info for 45 fonts, out of 8000000 for 9000
 1141 hyphenation exceptions out of 8191
 44i,12n,45p,936b,1093s stack positions out of 5000i,500n,10000p,200000b,80000s
</usr/share/texlive/texmf
-dist/fonts/type1/public/amsfonts/cm/cmbx12.pfb></usr/share/texlive/texmf-dist/
fonts/type1/public/amsfonts/cm/cmcsc10.pfb></usr/share/texlive/texmf-dist/fonts
/type1/public/amsfonts/cm/cmex10.pfb></usr/share/texlive/texmf-dist/fonts/type1
/public/amsfonts/cmextra/cmex8.pfb></usr/share/texlive/texmf-dist/fonts/type1/p
ublic/amsfonts/cm/cmmi12.pfb></usr/share/texlive/texmf-dist/fonts/type1/public/
amsfonts/cm/cmmi6.pfb></usr/share/texlive/texmf-dist/fonts/type1/public/amsfont
s/cm/cmmi8.pfb></usr/share/texlive/texmf-dist/fonts/type1/public/amsfonts/cm/cm
r12.pfb></usr/share/texlive/texmf-dist/fonts/type1/public/amsfonts/cm/cmr17.pfb
></usr/share/texlive/texmf-dist/fonts/type1/public/amsfonts/cm/cmr5.pfb></usr/s
hare/texlive/texmf-dist/fonts/type1/public/amsfonts/cm/cmr6.pfb></usr/share/tex
live/texmf-dist/fonts/type1/public/amsfonts/cm/cmr8.pfb></usr/share/texlive/tex
mf-dist/fonts/type1/public/amsfonts/cm/cmsl12.pfb></usr/share/texlive/texmf-dis
t/fonts/type1/public/amsfonts/cm/cmsy10.pfb></usr/share/texlive/texmf-dist/font
s/type1/public/amsfonts/cm/cmsy6.pfb></usr/share/texlive/texmf-dist/fonts/type1
/public/amsfonts/cm/cmsy8.pfb></usr/share/texlive/texmf-dist/fonts/type1/public
/amsfonts/cm/cmti12.pfb></usr/share/texlive/texmf-dist/fonts/type1/public/amsfo
nts/cm/cmtt12.pfb>
Output written on document.pdf (34 pages, 3877719 bytes).
PDF statistics:
 212 PDF objects out of 1000 (max. 8388607)
 131 compressed objects within 2 object streams
 0 named destinations out of 1000 (max. 500000)
 71 words of extra memory for PDF output out of 10000 (max. 10000000)

